<?xml version="1.0" encoding="UTF-8"?>
<!-- Generated by org.testng.reporters.JUnitReportReporter -->
<testsuite skipped="0" hostname="Gozdes-MacBook-Pro.local" name="com.hrms.testcases.AddEmployeeTest" tests="1" failures="0" timestamp="2020-09-10T17:08:23 PDT" time="29.439" errors="0">
  <testcase name="addMultipleEmployees" time="29.439" classname="com.hrms.testcases.AddEmployeeTest"/>
  <system-out/>
</testsuite> <!-- com.hrms.testcases.AddEmployeeTest -->
