<?xml version="1.0" encoding="UTF-8"?>
<!-- Generated by org.testng.reporters.JUnitReportReporter -->
<testsuite skipped="0" hostname="Gozdes-MacBook-Pro.local" name="com.hrms.testcases.LoginTest" tests="1" failures="0" timestamp="2020-09-06T12:32:19 PDT" time="4.068" errors="0">
  <testcase name="validLogin" time="4.068" classname="com.hrms.testcases.LoginTest"/>
  <system-out/>
</testsuite> <!-- com.hrms.testcases.LoginTest -->
