<?xml version="1.0" encoding="UTF-8"?>
<!-- Generated by org.testng.reporters.JUnitReportReporter -->
<testsuite skipped="0" hostname="Gozdes-MacBook-Pro.local" name="com.hrms.testcases.LoginTest" tests="3" failures="0" timestamp="2020-09-10T17:08:23 PDT" time="10.343" errors="0">
  <testcase name="invalidLogin" time="2.252" classname="com.hrms.testcases.LoginTest"/>
  <system-out/>
  <testcase name="invalidLogin" time="5.987" classname="com.hrms.testcases.LoginTest"/>
  <system-out/>
  <testcase name="invalidLogin" time="2.104" classname="com.hrms.testcases.LoginTest"/>
  <system-out/>
</testsuite> <!-- com.hrms.testcases.LoginTest -->
